  ArrBombas.cpp
  ArrMalignos.cpp
  Bloque.cpp
  Bomba.cpp
  Caja.cpp
  Congratulations.cpp
  Creditos.cpp
  Escena.cpp
  GameOver.cpp
  Imagenes.cpp
  Instrucciones.cpp
  Juego.cpp
  Inicio.cpp
  Introduccion.cpp
  Item.cpp
  Maligno.cpp
  Maligno1.cpp
  Maligno2.cpp
  Maligno3.cpp
  Maligno4.cpp
  Generating Code...
  Compiling...
  MatrizObjetos.cpp
  Nivel.cpp
  Nivel2.cpp
  Nivel1.cpp
  Nivel3.cpp
  Nivel4.cpp
  Nivel5.cpp
  Objeto.cpp
  Pausa.cpp
  Piso.cpp
  Portal.cpp
  Upecino.cpp
  Figura.cpp
  main.cpp
  Posicion.cpp
  Vivo.cpp
  Winform.cpp
  YouWin.cpp
  Generating Code...
  .NETFramework,Version=v4.5.2.AssemblyAttributes.cpp
  Bomberman.vcxproj -> E:\lagh3\Documents\2018-1\Complejidad\repo_Comple_TF\Juego Progra 2\Debug\Bomberman.exe
  Bomberman.vcxproj -> E:\lagh3\Documents\2018-1\Complejidad\repo_Comple_TF\Juego Progra 2\Debug\Bomberman.pdb (Full PDB)
